<?xml version="1.0" encoding="UTF-8"?>
<!-- Generated by org.testng.reporters.JUnitReportReporter -->
<testsuite hostname="revathis-mbp.lan" failures="0" tests="1" name="com.automation.tests.scripts.Opportunity" time="43.911" errors="0" timestamp="2023-11-04T10:12:54 CDT" skipped="0">
  <testcase classname="com.automation.tests.scripts.Opportunity" name="opportunity_createnew" time="43.911"/>
</testsuite> <!-- com.automation.tests.scripts.Opportunity -->
