<?xml version="1.0" encoding="UTF-8"?>
<!-- Generated by org.testng.reporters.JUnitReportReporter -->
<testsuite hostname="revathis-mbp.lan" failures="0" tests="1" name="com.automation.tests.scripts.AutomationScripts" time="44.778" errors="0" timestamp="2023-11-01T17:41:53 CDT" skipped="0">
  <testcase classname="com.automation.tests.scripts.AutomationScripts" name="usermenu_mysettings" time="44.778"/>
</testsuite> <!-- com.automation.tests.scripts.AutomationScripts -->
